###############################################################################
#
# IAR ANSI C/C++ Compiler V7.30.4.8167/W32 for ARM        20/Oct/2017  13:37:00
# Copyright 1999-2014 IAR Systems AB.
#
#    Cpu mode     =  thumb
#    Endian       =  little
#    Source file  =  F:\1708\SDK - unlock\src\cfg\gpio_cfg.c
#    Command line =  
#        "F:\1708\SDK - unlock\src\cfg\gpio_cfg.c" -lcN "F:\1708\SDK -
#        unlock\project\Debug\List\" --diag_error PE223 -o "F:\1708\SDK -
#        unlock\project\Debug\Obj\" --debug --endian=little --cpu=Cortex-M3 -e
#        --fpu=None --dlib_config "D:\Program Files (x86)\IAR Systems\Embedded
#        Workbench 7.0\arm\INC\c\DLib_Config_Normal.h" --preinclude
#        "F:\1708\SDK - unlock\project\..\lib\syscall_api.h" -I "F:\1708\SDK -
#        unlock\project\..\includes\" -I "F:\1708\SDK -
#        unlock\project\..\src\includes\" -I "F:\1708\SDK -
#        unlock\project\..\lib\" -I "F:\1708\SDK - unlock\project\..\src\" -I
#        "F:\1708\SDK - unlock\project\..\src\local_process\" -I "F:\1708\SDK -
#        unlock\project\..\src\cfg\" -I "F:\1708\SDK -
#        unlock\project\..\src\dock\" -I "F:\1708\SDK -
#        unlock\project\..\src\guardrail\" -I "F:\1708\SDK -
#        unlock\project\..\src\wireless\" -Ohz
#    List file    =  F:\1708\SDK - unlock\project\Debug\List\gpio_cfg.lst
#    Object file  =  F:\1708\SDK - unlock\project\Debug\Obj\gpio_cfg.o
#
###############################################################################

F:\1708\SDK - unlock\src\cfg\gpio_cfg.c
      1          //------------------------------------------------------------------------------
      2          //  Copyright (C) 2014-2017, Amicro, Inc.
      3          //  All rights reserved.
      4          //------------------------------------------------------------------------------
      5          /*by liyongyong*/
      6          #include "am_type.h"
      7          #include "hal_amicro_gpio.h"
      8          #include "gpio_init.h"
      9          #include "afio.h"
     10          #include "adc_chan.h"
     11          
     12          /*can not modify.  lyy*/ 
     13          #pragma location = ".CFGINFO"
     14          const afio_t afio_table[] ={ ROBOT_AFIODEF(AM380S_AFIO_CFG_INIT) };/*afio多功能配置表*/
     15          
     16          #pragma location = ".CFGINFO"
     17          const IO_PIN_CFG io_table[HAL_MAX] = { ROBOT_IODEF(AM380S_IO_CFG_INIT) };/*提供给sdk用的gpio映射表配置*/
     18          
     19          #pragma location = ".CFGINFO"
     20          const adc_chan_t adc_chan_table[ADC_CHAN_MAX] = { ROBOT_ADCCHANDEF(AM380S_ADC_CHAN_INIT) };/*adc 逻辑通道和物理通道配置表*/
     21          
     22          #pragma location = ".CFGINFO"
     23          const IO_PIN_INIT_CFG io_init_table[]={ AMICRO_R10_IODEF(AMCIRO_R10_CFG_INST) };/*所有gpio初始化状态表*/
     24          


   Section sizes:

   Bytes  Function/Label
   -----  --------------
      52  adc_chan_table
     216  afio_table
     400  io_init_table
      40  io_table

 
 708 bytes in section .CFGINFO
 
 708 bytes of CONST memory

Errors: none
Warnings: 3
