###############################################################################
#
# IAR ANSI C/C++ Compiler V7.30.4.8167/W32 for ARM        20/Oct/2017  11:01:10
# Copyright 1999-2014 IAR Systems AB.
#
#    Cpu mode     =  thumb
#    Endian       =  little
#    Source file  =  F:\1708\SDK - unlock\src\motor\robot_suction.c
#    Command line =  
#        "F:\1708\SDK - unlock\src\motor\robot_suction.c" -lcN "F:\1708\SDK -
#        unlock\project\Debug\List\" --diag_error PE223 -o "F:\1708\SDK -
#        unlock\project\Debug\Obj\" --debug --endian=little --cpu=Cortex-M3 -e
#        --fpu=None --dlib_config "D:\Program Files (x86)\IAR Systems\Embedded
#        Workbench 7.0\arm\INC\c\DLib_Config_Normal.h" --preinclude
#        "F:\1708\SDK - unlock\project\..\lib\syscall_api.h" -I "F:\1708\SDK -
#        unlock\project\..\includes\" -I "F:\1708\SDK -
#        unlock\project\..\src\includes\" -I "F:\1708\SDK -
#        unlock\project\..\lib\" -I "F:\1708\SDK - unlock\project\..\src\" -I
#        "F:\1708\SDK - unlock\project\..\src\local_process\" -I "F:\1708\SDK -
#        unlock\project\..\src\cfg\" -I "F:\1708\SDK -
#        unlock\project\..\src\dock\" -I "F:\1708\SDK -
#        unlock\project\..\src\guardrail\" -I "F:\1708\SDK -
#        unlock\project\..\src\wireless\" -Ohz
#    List file    =  F:\1708\SDK - unlock\project\Debug\List\robot_suction.lst
#    Object file  =  F:\1708\SDK - unlock\project\Debug\Obj\robot_suction.o
#
###############################################################################

F:\1708\SDK - unlock\src\motor\robot_suction.c
      1          //----------------------------------------------------------------------------
      2          //  Copyright (C) 2001-2011, Amicro, Inc.
      3          //  permission of Amicro, Inc.  All rights reserved.
      4          //----------------------------------------------------------------------------
      5          /*edit by lyy*/
      6          #include <am_type.h>
      7          #include <charge/charge.h>
      8          #include <am_tm_api.h>
      9          #include <syscall_api.h>
     10          #include "robot_suction.h"
     11          
     12          #define ROBOT_HAS_VAC_POWER_CONTROL  //if  has vac power 
     13          
     14          BOOLEAN suction_off;
     15          s16   cur_duty;
     16          s16   pwm_voltage; 
     17          
     18          
     19          /****************************************************************
     20          *Function   :  get_suction_current
     21          *Author     :  lyy
     22          *Date       :  2017.4.20
     23          *Description:  真空电流的adc值获取
     24          *CallBy     :  
     25          *Input      :  参数
     26          *              无
     27          *Output     :  无
     28          *Return     :  返回 adc值
     29          *Others     :  
     30          *History    : //修改历史
     31              <author>       <time>      <version>           <desc>
     32              lyy            17.4.28       v1.0         build this function
     33          ******************************************************************/
     34          u16 get_suction_current(void)
     35          {
     36            // need to do....
     37            return get_adc_chan_val(ADC_CHAN_VAC_CURENT);
     38          }
     39          
     40          /****************************************************************
     41          *Function   :  update_suction_duty
     42          *Author     :  lyy
     43          *Date       :  2017.4.20
     44          *Description:  pwm值更新到timer
     45          *CallBy     :  
     46          *Input      :  参数
     47          *              duty：占空比
     48          *Output     :  无
     49          *Return     :  无
     50          *Others     :  
     51          *History    : //修改历史
     52              <author>       <time>      <version>           <desc>
     53              lyy            17.4.28       v1.0         build this function
     54          ******************************************************************/
     55          void update_suction_duty(int16_t duty)
     56          {
     57          #ifdef USE_BLDC_PWM_CONTROL
     58          static am_uint32 vac_zero_stp=0;
     59          static am_boolean vac_zero_sig=FALSE;
     60            if(duty == 0 && ((vac_zero_sig == FALSE && timer_elapsed(vac_zero_stp)>1000) || (vac_zero_sig==TRUE)))
     61            {
     62              vac_zero_stp = timer_ms();
     63              vac_zero_sig = TRUE;
     64              sys_set_pwm_out_duty(VACUUM_PWM_CHANNEL,duty);
     65            }
     66            else
     67            {
     68              if(vac_zero_sig == TRUE && timer_elapsed(vac_zero_stp)<5000)
     69              {
     70                sys_set_pwm_out_duty(VACUUM_PWM_CHANNEL,1001);
     71              }
     72              else
     73              {
     74                vac_zero_sig = FALSE;
     75                sys_set_pwm_out_duty(VACUUM_PWM_CHANNEL,duty);
     76              }
     77            }
     78          #else
     79              sys_set_pwm_out_duty(VACUUM_PWM_CHANNEL,duty);
     80            
     81          #ifdef ROBOT_HAS_VAC_POWER_CONTROL
     82            // printf("update duty=%d\r\n",duty);
     83             gpio_set_value(AM_IO_VAC_POWER, ((duty!=0)?1:0));
     84          #endif
     85             
     86          #endif
     87          }
     88          
     89          /****************************************************************
     90          *Function   :  robot_is_suction_on
     91          *Author     :  lyy
     92          *Date       :  2017.4.20
     93          *Description:  判断真空是否有pwm输出
     94          *CallBy     :  
     95          *Input      :  参数
     96          *              无
     97          *Output     :  无
     98          *Return     :  返回 1:有  0：无
     99          *Others     :  
    100          *History    : //修改历史
    101              <author>       <time>      <version>           <desc>
    102              lyy            17.4.28       v1.0         build this function
    103          ******************************************************************/
    104          BOOLEAN robot_is_suction_on(void)
    105          {
    106              return (cur_duty != 0);
    107          }
    108          
    109          /****************************************************************
    110          *Function   :  robot_suction_ctrl
    111          *Author     :  lyy
    112          *Date       :  2017.4.20
    113          *Description:  使能真空pwm输出
    114          *CallBy     :  
    115          *Input      :  参数
    116          *              en:  1:使能   0：不使能
    117          *Output     :  无
    118          *Return     :  无
    119          *Others     :  
    120          *History    : //修改历史
    121              <author>       <time>      <version>           <desc>
    122              lyy            17.4.28       v1.0         build this function
    123          ******************************************************************/
    124          void robot_suction_ctrl(BOOLEAN en)
    125          {
    126              suction_off = en;
    127          }
    128          
    129          /****************************************************************
    130          *Function   :  suction_is_maybe_stall
    131          *Author     :  lyy
    132          *Date       :  2017.4.20
    133          *Description:  判断真空可能被卡住
    134          *CallBy     :  
    135          *Input      :  参数
    136          *              current ： 卡住电流的阈值
    137          *Output     :  无
    138          *Return     :  无
    139          *Others     :  
    140          *History    : //修改历史
    141              <author>       <time>      <version>           <desc>
    142              lyy            17.4.28       v1.0         build this function
    143          ******************************************************************/
    144          u8 suction_is_maybe_stall(u16 current)
    145          {  
    146              return ((get_suction_current() > current) && (suction_off == 0));
    147          }
    148          
    149          /****************************************************************
    150          *Function   :  robot_suction_update
    151          *Author     :  lyy
    152          *Date       :  2017.4.20
    153          *Description:  真空pwm 动态更新
    154          *CallBy     :  
    155          *Input      :  参数
    156          *              无
    157          *Output     :  无
    158          *Return     :  无
    159          *Others     :  
    160          *History    : //修改历史
    161              <author>       <time>      <version>           <desc>
    162              lyy            17.4.28       v1.0         build this function
    163          ******************************************************************/
    164          void robot_suction_update(void)
    165          { 
    166              if(suction_off == FALSE)
    167              {
    168                  cur_duty = calc_cur_duty(pwm_voltage);
    169                  update_suction_duty(cur_duty);
    170              }
    171              else
    172              {
    173                  update_suction_duty(0);
    174              }   
    175          }
    176          
    177          
    178          /****************************************************************
    179          *Function   :  robot_is_maybe_not_bustbin
    180          *Author     :  lyy
    181          *Date       :  2017.4.20
    182          *Description:  用真空检测垃圾箱
    183          *CallBy     :  
    184          *Input      :  参数
    185          *              无
    186          *Output     :  无
    187          *Return     :  返回 1：垃圾箱被拔出，  0：垃圾箱状态正常
    188          *Others     :  
    189          *History    : //修改历史
    190              <author>       <time>      <version>           <desc>
    191              lyy            17.4.28       v1.0         build this function
    192          ******************************************************************/
    193          u8 robot_is_maybe_not_bustbin(void)
    194          {
    195            return gpio_get_value(AM_I0_GARBAGE_BOX_DETECT);
    196          }
    197          
    198          /****************************************************************
    199          *Function   :  robot_suction_init
    200          *Author     :  lyy
    201          *Date       :  2017.4.20
    202          *Description:  真空变量等等初始化
    203          *CallBy     :  
    204          *Input      :  参数
    205          *              无
    206          *Output     :  无
    207          *Return     :  无
    208          *Others     :  
    209          *History    : //修改历史
    210              <author>       <time>      <version>           <desc>
    211              lyy            17.4.28       v1.0         build this function
    212          ******************************************************************/
    213          void robot_suction_init(void)
    214          {
    215              suction_off = 1;
    216              cur_duty = 0;
    217              pwm_voltage  = 0;
    218             
    219              robot_suction_adjust_set(VACUUM_NORMAL_VOLTAGE);  
    220          
    221          }
    222          
    223          /****************************************************************
    224          *Function   :  robot_suction_vols_set
    225          *Author     :  lyy
    226          *Date       :  2017.4.20
    227          *Description:  真空pwm开关
    228          *CallBy     :  
    229          *Input      :  0：关闭pwm   >0:打开pwm
    230          *Output     :  无
    231          *Return     :  无
    232          *Others     :  
    233          *History    : //修改历史
    234              <author>       <time>      <version>           <desc>
    235              lyy            17.4.28       v1.0         build this function
    236          ******************************************************************/
    237          void robot_suction_vols_set(u16 val)
    238          {
    239              if(val > 0)
    240                suction_off = 0;
    241              else
    242                suction_off = 1;  
    243          	if(!gpio_get_value(AM_I0_WATER_TANK_DETECT))
    244          	  suction_off = 1;
    245          }
    246          
    247          /****************************************************************
    248          *Function   :  robot_suction_adjust_set
    249          *Description:  真空pwm设置
    250          *Input      :  参数
    251          *              val：adc值， 已电池电压为参考点，
    252          *             比如电池电压满伏是16.8 = 3268. 
    253          *             如果要百分百输出，则adc = 3628.
    254          *Output     :  无
    255          *Return     :  无
    256          *Others     :  by ljh
    257          ******************************************************************/
    258          void robot_suction_adjust_set(u16 val)
    259          {
    260              pwm_voltage = val;
    261          }

   Maximum stack usage in bytes:

   .cstack Function
   ------- --------
       0   get_suction_current
         0   -> get_adc_chan_val
       8   robot_is_maybe_not_bustbin
         8   -- Indirect call
       0   robot_is_suction_on
       0   robot_suction_adjust_set
       0   robot_suction_ctrl
       0   robot_suction_init
       8   robot_suction_update
         8   -> calc_cur_duty
         0   -> update_suction_duty
       8   robot_suction_vols_set
         8   -- Indirect call
       8   suction_is_maybe_stall
         8   -> get_adc_chan_val
       8   update_suction_duty
         0   -- Indirect call
         8   -> sys_set_pwm_out_duty


   Section sizes:

   Bytes  Function/Label
   -----  --------------
       4  ??DataTable8
       4  ??DataTable8_1
       6  get_suction_current
      16  robot_is_maybe_not_bustbin
      14  robot_is_suction_on
       6  robot_suction_adjust_set
       6  robot_suction_ctrl
      18  robot_suction_init
      32  robot_suction_update
      30  robot_suction_vols_set
      30  suction_is_maybe_stall
       6  suction_off
          cur_duty
          pwm_voltage
      32  update_suction_duty

 
   6 bytes in section .bss
 198 bytes in section .text
 
 198 bytes of CODE memory
   6 bytes of DATA memory

Errors: none
Warnings: none
